02:21:18:722 [debug] InvertedIndex.java:121 Thread-3: Printing to results/index-baddir.txt
02:21:18:722 [debug] InvertedIndex.java:121 Thread-3: Printing to results/index-baddir.txt
02:21:19:155 [debug] InvertedIndex.java:121 Thread-5: Printing to results/index-rfcs.txt
02:21:19:155 [debug] InvertedIndex.java:121 Thread-5: Printing to results/index-rfcs.txt
02:21:19:523 [debug] InvertedIndex.java:121 Thread-6: Printing to results/index-simple-reversed.txt
02:21:19:523 [debug] InvertedIndex.java:121 Thread-6: Printing to results/index-simple-reversed.txt
02:21:19:528 [debug] InvertedIndex.java:121 Thread-7: Printing to results/index-simple.txt
02:21:19:528 [debug] InvertedIndex.java:121 Thread-7: Printing to results/index-simple.txt
02:21:22:067 [debug] InvertedIndex.java:121 Thread-8: Printing to results/index-all.txt
02:21:22:067 [debug] InvertedIndex.java:121 Thread-8: Printing to results/index-all.txt
02:21:24:993 [debug] InvertedIndex.java:121 Thread-9: Printing to results/index-guten.txt
02:21:24:993 [debug] InvertedIndex.java:121 Thread-9: Printing to results/index-guten.txt
02:21:26:751 [debug] QueryParser.java:59 Thread-12: Printing to temp2998800176878931134
02:21:26:751 [debug] QueryParser.java:59 Thread-12: Printing to temp2998800176878931134
02:21:29:197 [debug] QueryParser.java:59 Thread-15: Printing to results/search-index-complex.txt
02:21:29:197 [debug] QueryParser.java:59 Thread-15: Printing to results/search-index-complex.txt
02:21:31:645 [debug] QueryParser.java:59 Thread-16: Printing to results/search-index-alpha.txt
02:21:31:645 [debug] QueryParser.java:59 Thread-16: Printing to results/search-index-alpha.txt
02:21:31:670 [debug] QueryParser.java:59 Thread-17: Printing to results/search-simple-reversed.txt
02:21:31:670 [debug] QueryParser.java:59 Thread-17: Printing to results/search-simple-reversed.txt
02:21:31:673 [debug] QueryParser.java:59 Thread-18: Printing to results/search-simple-complex.txt
02:21:31:673 [debug] QueryParser.java:59 Thread-18: Printing to results/search-simple-complex.txt
02:21:31:678 [debug] QueryParser.java:59 Thread-19: Printing to results/search-simple-simple.txt
02:21:31:678 [debug] QueryParser.java:59 Thread-19: Printing to results/search-simple-simple.txt
02:21:34:046 [debug] QueryParser.java:59 Thread-20: Printing to results/search-index-simple.txt
02:21:34:046 [debug] QueryParser.java:59 Thread-20: Printing to results/search-index-simple.txt
02:21:34:101 [debug] QueryParser.java:59 Thread-21: Printing to results/search-simple-alpha.txt
02:21:34:101 [debug] QueryParser.java:59 Thread-21: Printing to results/search-simple-alpha.txt
